app/build/intermediates/manifest_merge_blame_file/debug/manifest-merger-blame-debug-report.txt
1<?xml version="1.0" encoding="utf-8"?>
2<manifest xmlns:android="http://schemas.android.com/apk/res/android"
3    package="com.insecureshop"
4    android:versionCode="1"
5    android:versionName="1.0" >
6
7    <uses-sdk
8        android:minSdkVersion="24"
8-->src/main/AndroidManifest.xml
9        android:targetSdkVersion="25" />
9-->[net.gotev:uploadservice:3.2.3] AndroidManifest.xml:9:9-38
10
11    <uses-permission android:name="android.permission.INTERNET" />
11-->src/main/AndroidManifest.xml:5:5-67
11-->src/main/AndroidManifest.xml:5:22-64
12    <uses-permission android:name="android.permission.READ_EXTERNAL_STORAGE" />
12-->src/main/AndroidManifest.xml:6:5-80
12-->src/main/AndroidManifest.xml:6:22-77
13    <uses-permission android:name="android.permission.WRITE_EXTERNAL_STORAGE" />
13-->src/main/AndroidManifest.xml:7:5-81
13-->src/main/AndroidManifest.xml:7:22-78
14    <uses-permission android:name="android.permission.READ_CONTACTS" />
14-->src/main/AndroidManifest.xml:8:5-72
14-->src/main/AndroidManifest.xml:8:22-69
15
16    <permission android:name="com.insecureshop.permission.READ" />
16-->src/main/AndroidManifest.xml:10:5-67
16-->src/main/AndroidManifest.xml:10:17-64
17
18    <uses-permission android:name="android.permission.WAKE_LOCK" />
18-->[net.gotev:uploadservice:3.2.3] AndroidManifest.xml:14:5-68
18-->[net.gotev:uploadservice:3.2.3] AndroidManifest.xml:14:22-65
19
20    <application
20-->src/main/AndroidManifest.xml:12:5-97:19
21        android:name="com.insecureshop.InsecureShopApp"
21-->src/main/AndroidManifest.xml:13:9-40
22        android:allowBackup="true"
22-->src/main/AndroidManifest.xml:14:9-35
23        android:appComponentFactory="androidx.core.app.CoreComponentFactory"
23-->[androidx.core:core:1.3.0] AndroidManifest.xml:24:18-86
24        android:debuggable="true"
25        android:extractNativeLibs="false"
26        android:icon="@mipmap/ic_launcher"
26-->src/main/AndroidManifest.xml:15:9-43
27        android:label="@string/app_name"
27-->src/main/AndroidManifest.xml:16:9-41
28        android:networkSecurityConfig="@xml/network_security_config"
28-->src/main/AndroidManifest.xml:20:9-69
29        android:roundIcon="@mipmap/ic_launcher_round"
29-->src/main/AndroidManifest.xml:17:9-54
30        android:supportsRtl="true"
30-->src/main/AndroidManifest.xml:18:9-35
31        android:testOnly="true"
32        android:theme="@style/AppTheme"
32-->src/main/AndroidManifest.xml:19:9-40
33        android:usesCleartextTraffic="true" >
33-->src/main/AndroidManifest.xml:21:9-44
34        <activity
34-->src/main/AndroidManifest.xml:22:9-45:20
35            android:name="com.insecureshop.ChooserActivity"
35-->src/main/AndroidManifest.xml:23:13-44
36            android:excludeFromRecents="true" >
36-->src/main/AndroidManifest.xml:24:13-46
37            <intent-filter>
37-->src/main/AndroidManifest.xml:25:13-29:29
38                <action android:name="android.intent.action.VIEW" />
38-->src/main/AndroidManifest.xml:26:17-69
38-->src/main/AndroidManifest.xml:26:25-66
39
40                <category android:name="android.intent.category.DEFAULT" />
40-->src/main/AndroidManifest.xml:28:17-76
40-->src/main/AndroidManifest.xml:28:27-73
41            </intent-filter>
42            <intent-filter>
42-->src/main/AndroidManifest.xml:30:13-40:29
43                <action android:name="android.intent.action.SEND" />
43-->src/main/AndroidManifest.xml:31:17-69
43-->src/main/AndroidManifest.xml:31:25-66
44
45                <category android:name="android.intent.category.DEFAULT" />
45-->src/main/AndroidManifest.xml:28:17-76
45-->src/main/AndroidManifest.xml:28:27-73
46
47                <data android:mimeType="application/*" />
47-->src/main/AndroidManifest.xml:35:17-58
47-->src/main/AndroidManifest.xml:35:23-55
48                <data android:mimeType="audio/*" />
48-->src/main/AndroidManifest.xml:35:17-58
48-->src/main/AndroidManifest.xml:35:23-55
49                <data android:mimeType="image/*" />
49-->src/main/AndroidManifest.xml:35:17-58
49-->src/main/AndroidManifest.xml:35:23-55
50                <data android:mimeType="text/*" />
50-->src/main/AndroidManifest.xml:35:17-58
50-->src/main/AndroidManifest.xml:35:23-55
51                <data android:mimeType="video/*" />
51-->src/main/AndroidManifest.xml:35:17-58
51-->src/main/AndroidManifest.xml:35:23-55
52            </intent-filter>
53
54            <meta-data
54-->src/main/AndroidManifest.xml:42:13-44:69
55                android:name="android.service.chooser.chooser_target_service"
55-->src/main/AndroidManifest.xml:43:17-78
56                android:value=".ConversationChooserTargetService" />
56-->src/main/AndroidManifest.xml:44:17-66
57        </activity>
58        <activity
58-->src/main/AndroidManifest.xml:46:9-48:39
59            android:name="com.insecureshop.AboutUsActivity"
59-->src/main/AndroidManifest.xml:47:13-44
60            android:exported="true" />
60-->src/main/AndroidManifest.xml:48:13-36
61        <activity android:name="com.insecureshop.CartListActivity" />
61-->src/main/AndroidManifest.xml:49:9-54
61-->src/main/AndroidManifest.xml:49:19-51
62        <activity android:name="com.insecureshop.ProductListActivity" >
62-->src/main/AndroidManifest.xml:50:9-56:20
62-->src/main/AndroidManifest.xml:50:19-54
63            <intent-filter>
63-->src/main/AndroidManifest.xml:51:13-55:29
64                <action android:name="android.intent.action.MAIN" />
64-->src/main/AndroidManifest.xml:52:17-69
64-->src/main/AndroidManifest.xml:52:25-66
65
66                <category android:name="android.intent.category.LAUNCHER" />
66-->src/main/AndroidManifest.xml:54:17-77
66-->src/main/AndroidManifest.xml:54:27-74
67            </intent-filter>
68        </activity>
69        <activity android:name="com.insecureshop.LoginActivity" />
69-->src/main/AndroidManifest.xml:57:9-51
69-->src/main/AndroidManifest.xml:57:19-48
70        <activity android:name="com.insecureshop.WebViewActivity" >
70-->src/main/AndroidManifest.xml:58:9-68:20
70-->src/main/AndroidManifest.xml:58:19-50
71            <intent-filter>
71-->src/main/AndroidManifest.xml:59:13-67:29
72                <action android:name="android.intent.action.VIEW" />
72-->src/main/AndroidManifest.xml:26:17-69
72-->src/main/AndroidManifest.xml:26:25-66
73
74                <category android:name="android.intent.category.DEFAULT" />
74-->src/main/AndroidManifest.xml:28:17-76
74-->src/main/AndroidManifest.xml:28:27-73
75                <category android:name="android.intent.category.BROWSABLE" />
75-->src/main/AndroidManifest.xml:62:17-78
75-->src/main/AndroidManifest.xml:62:27-75
76
77                <data
77-->src/main/AndroidManifest.xml:35:17-58
78                    android:host="com.insecureshop"
78-->src/main/AndroidManifest.xml:65:21-52
79                    android:scheme="insecureshop" />
79-->src/main/AndroidManifest.xml:66:21-50
80            </intent-filter>
81        </activity>
82        <activity android:name="com.insecureshop.WebView2Activity" >
82-->src/main/AndroidManifest.xml:69:9-75:20
82-->src/main/AndroidManifest.xml:69:19-51
83            <intent-filter>
83-->src/main/AndroidManifest.xml:70:13-74:29
84                <action android:name="com.insecureshop.action.WEBVIEW" />
84-->src/main/AndroidManifest.xml:71:17-74
84-->src/main/AndroidManifest.xml:71:25-71
85
86                <category android:name="android.intent.category.DEFAULT" />
86-->src/main/AndroidManifest.xml:28:17-76
86-->src/main/AndroidManifest.xml:28:27-73
87                <category android:name="android.intent.category.BROWSABLE" />
87-->src/main/AndroidManifest.xml:62:17-78
87-->src/main/AndroidManifest.xml:62:27-75
88            </intent-filter>
89        </activity>
90        <activity
90-->src/main/AndroidManifest.xml:76:9-78:40
91            android:name="com.insecureshop.PrivateActivity"
91-->src/main/AndroidManifest.xml:77:13-44
92            android:exported="false" />
92-->src/main/AndroidManifest.xml:78:13-37
93        <activity android:name="com.insecureshop.SendingDataViaActionActivity" >
93-->src/main/AndroidManifest.xml:79:9-81:20
93-->src/main/AndroidManifest.xml:79:19-63
94        </activity>
95        <activity
95-->src/main/AndroidManifest.xml:82:9-75
96            android:name="com.insecureshop.ResultActivity"
96-->src/main/AndroidManifest.xml:82:19-49
97            android:exported="true" />
97-->src/main/AndroidManifest.xml:82:50-73
98
99        <provider
99-->src/main/AndroidManifest.xml:83:9-87:73
100            android:name="com.insecureshop.contentProvider.InsecureShopProvider"
100-->src/main/AndroidManifest.xml:84:13-65
101            android:authorities="com.insecureshop.provider"
101-->src/main/AndroidManifest.xml:85:13-60
102            android:exported="true"
102-->src/main/AndroidManifest.xml:86:13-36
103            android:readPermission="com.insecureshop.permission.READ" />
103-->src/main/AndroidManifest.xml:87:13-70
104        <provider
104-->src/main/AndroidManifest.xml:88:9-96:20
105            android:name="androidx.core.content.FileProvider"
105-->src/main/AndroidManifest.xml:89:13-62
106            android:authorities="com.insecureshop.file_provider"
106-->src/main/AndroidManifest.xml:90:13-65
107            android:exported="false"
107-->src/main/AndroidManifest.xml:91:13-37
108            android:grantUriPermissions="true" >
108-->src/main/AndroidManifest.xml:92:13-47
109            <meta-data
109-->src/main/AndroidManifest.xml:93:13-95:58
110                android:name="android.support.FILE_PROVIDER_PATHS"
110-->src/main/AndroidManifest.xml:94:17-67
111                android:resource="@xml/provider_paths" />
111-->src/main/AndroidManifest.xml:95:17-55
112        </provider>
113
114        <service
114-->[net.gotev:uploadservice:3.2.3] AndroidManifest.xml:17:9-21:19
115            android:name="net.gotev.uploadservice.UploadService"
115-->[net.gotev:uploadservice:3.2.3] AndroidManifest.xml:18:13-65
116            android:enabled="true"
116-->[net.gotev:uploadservice:3.2.3] AndroidManifest.xml:19:13-35
117            android:exported="true" >
117-->[net.gotev:uploadservice:3.2.3] AndroidManifest.xml:20:13-36
118        </service>
119
120        <provider
120-->[androidx.lifecycle:lifecycle-process:2.2.0] AndroidManifest.xml:25:9-29:43
121            android:name="androidx.lifecycle.ProcessLifecycleOwnerInitializer"
121-->[androidx.lifecycle:lifecycle-process:2.2.0] AndroidManifest.xml:26:13-79
122            android:authorities="com.insecureshop.lifecycle-process"
122-->[androidx.lifecycle:lifecycle-process:2.2.0] AndroidManifest.xml:27:13-69
123            android:exported="false"
123-->[androidx.lifecycle:lifecycle-process:2.2.0] AndroidManifest.xml:28:13-37
124            android:multiprocess="true" />
124-->[androidx.lifecycle:lifecycle-process:2.2.0] AndroidManifest.xml:29:13-40
125    </application>
126
127</manifest>